[2019-07-28 13:37:59,281] {day-2.1-error-handler-log/app.py:20} WARNING - REQUEST_LOG	{"request": {}, "response": {"status": "NOT_FOUND", "message": "Person not found"}}
[2019-07-28 13:38:01,739] {day-2.1-error-handler-log/app.py:20} WARNING - REQUEST_LOG	{"request": {}, "response": [{"id": 0, "name": "Person ke 0", "age": 10, "sex": "male"}, {"id": 1, "name": "Person ke 1", "age": 30, "sex": "female"}, {"id": 2, "name": "Person ke 2", "age": 66, "sex": "female"}, {"id": 3, "name": "Person ke 3", "age": 26, "sex": "male"}, {"id": 4, "name": "Person ke 4", "age": 65, "sex": "female"}, {"id": 5, "name": "Person ke 5", "age": 37, "sex": "female"}, {"id": 6, "name": "Person ke 6", "age": 16, "sex": "female"}, {"id": 7, "name": "Person ke 7", "age": 34, "sex": "female"}, {"id": 8, "name": "Person ke 8", "age": 21, "sex": "male"}, {"id": 9, "name": "Person ke 9", "age": 29, "sex": "female"}, {"id": 10, "name": "Person ke 10", "age": 31, "sex": "female"}, {"id": 11, "name": "Person ke 11", "age": 42, "sex": "male"}, {"id": 12, "name": "Person ke 12", "age": 75, "sex": "male"}, {"id": 13, "name": "Person ke 13", "age": 78, "sex": "female"}, {"id": 14, "name": "Person ke 14", "age": 20, "sex": "male"}]}
[2019-07-28 13:38:04,608] {day-2.1-error-handler-log/app.py:23} WARNING - REQUEST_LOG	{"request": {"name": "RachmanKamil", "age": 26, "sex": "Male"}, "response": {"status": "NOT_FOUND", "message": "Person not found"}}
[2019-07-30 09:49:53,181] {day-2.1-error-handler-log/app.py:20} WARNING - REQUEST_LOG	{"request": {}, "response": [{"id": 0, "name": "Person ke 0", "age": 49, "sex": "male"}, {"id": 1, "name": "Person ke 1", "age": 64, "sex": "male"}, {"id": 2, "name": "Person ke 2", "age": 29, "sex": "female"}, {"id": 3, "name": "Person ke 3", "age": 22, "sex": "female"}, {"id": 4, "name": "Person ke 4", "age": 78, "sex": "female"}, {"id": 5, "name": "Person ke 5", "age": 74, "sex": "male"}, {"id": 6, "name": "Person ke 6", "age": 42, "sex": "female"}, {"id": 7, "name": "Person ke 7", "age": 60, "sex": "male"}, {"id": 8, "name": "Person ke 8", "age": 66, "sex": "female"}, {"id": 9, "name": "Person ke 9", "age": 18, "sex": "female"}, {"id": 10, "name": "Person ke 10", "age": 43, "sex": "male"}, {"id": 11, "name": "Person ke 11", "age": 12, "sex": "male"}, {"id": 12, "name": "Person ke 12", "age": 36, "sex": "female"}, {"id": 13, "name": "Person ke 13", "age": 28, "sex": "male"}, {"id": 14, "name": "Person ke 14", "age": 48, "sex": "male"}]}
[2019-07-30 09:50:02,052] {day-2.1-error-handler-log/app.py:20} WARNING - REQUEST_LOG	{"request": {}, "response": [{"id": 0, "name": "Person ke 0", "age": 49, "sex": "male"}, {"id": 1, "name": "Person ke 1", "age": 64, "sex": "male"}, {"id": 2, "name": "Person ke 2", "age": 29, "sex": "female"}, {"id": 3, "name": "Person ke 3", "age": 22, "sex": "female"}, {"id": 4, "name": "Person ke 4", "age": 78, "sex": "female"}, {"id": 5, "name": "Person ke 5", "age": 74, "sex": "male"}, {"id": 6, "name": "Person ke 6", "age": 42, "sex": "female"}, {"id": 7, "name": "Person ke 7", "age": 60, "sex": "male"}, {"id": 8, "name": "Person ke 8", "age": 66, "sex": "female"}, {"id": 9, "name": "Person ke 9", "age": 18, "sex": "female"}, {"id": 10, "name": "Person ke 10", "age": 43, "sex": "male"}, {"id": 11, "name": "Person ke 11", "age": 12, "sex": "male"}, {"id": 12, "name": "Person ke 12", "age": 36, "sex": "female"}, {"id": 13, "name": "Person ke 13", "age": 28, "sex": "male"}, {"id": 14, "name": "Person ke 14", "age": 48, "sex": "male"}]}
[2019-07-30 10:57:15,010] {day-2.1-error-handler-log/app.py:28} WARNING - REQUEST_LOG	{"code": "400 BAD REQUEST", "uri": "/person?", "request": {}, "response": {"message": "The browser (or proxy) sent a request that this server could not understand."}}
[2019-07-30 10:57:15,885] {day-2.1-error-handler-log/app.py:28} WARNING - REQUEST_LOG	{"code": "400 BAD REQUEST", "uri": "/person?", "request": {}, "response": {"message": "The browser (or proxy) sent a request that this server could not understand."}}
[2019-07-30 10:58:39,669] {day-2.1-error-handler-log/app.py:29} WARNING - REQUEST_LOG	{"method": "POST", "code": "400 BAD REQUEST", "uri": "/person?", "request": {}, "response": {"message": "The browser (or proxy) sent a request that this server could not understand."}}
[2019-07-30 11:01:32,380] {day-2.1-error-handler-log/app.py:29} WARNING - REQUEST_LOG	{"method": "GET", "code": "404 NOT FOUND", "uri": "/person/16?", "request": null, "response": {"status": "NOT_FOUND", "message": "Person not found"}}
[2019-07-30 11:01:37,227] {day-2.1-error-handler-log/app.py:29} WARNING - REQUEST_LOG	{"method": "GET", "code": "200 OK", "uri": "/person/1?", "request": null, "response": {"id": 1, "name": "Person ke 1", "age": 60, "sex": "male"}}
[2019-07-30 11:03:02,919] {day-2.1-error-handler-log/app.py:29} WARNING - REQUEST_LOG	{"method": "GET", "code": "200 OK", "uri": "/person/1?", "request": {"name": "asd"}, "response": {"id": 1, "name": "Person ke 1", "age": 60, "sex": "male"}}
[2019-07-30 11:05:18,121] {day-2.1-error-handler-log/app.py:29} WARNING - REQUEST_LOG	{"method": "GET", "code": "200 OK", "uri": "/person/1?", "request": {"name": "asd"}, "response": {"id": 1, "name": "Person ke 1", "age": 65, "sex": "male"}}
[2019-07-30 11:10:05,296] {day-2.1-error-handler-log/app.py:29} WARNING - REQUEST_LOG	{"method": "POST", "code": "400 BAD REQUEST", "uri": "/person?", "request": {}, "response": {"message": "The browser (or proxy) sent a request that this server could not understand."}}
[2019-07-30 11:10:41,588] {day-2.1-error-handler-log/app.py:29} WARNING - REQUEST_LOG	{"method": "POST", "code": "400 BAD REQUEST", "uri": "/person?", "request": {"age": 26, "sex": "Male"}, "response": {"message": {"name": "Missing required parameter in the JSON body"}}}
[2019-07-30 11:13:13,882] {day-2.1-error-handler-log/app.py:45} WARNING - REQUEST_LOG	{"uri": "/person?", "request": {"age": 26, "sex": "Male"}, "response": {"message": {"name": "Missing required parameter in the JSON body"}}}
[2019-07-30 11:22:09,645] {day-2.1-error-handler-log/app.py:50} ERROR - TET TOT
[2019-12-17 10:38:51,224] {/Users/rachmankamil/Project/rest-batch3/rest_training/lib/python3.7/site-packages/flask/app.py:1891} ERROR - Exception on /person/100 [GET]
Traceback (most recent call last):
  File "/Users/rachmankamil/Project/rest-batch3/rest_training/lib/python3.7/site-packages/flask/app.py", line 1949, in full_dispatch_request
    rv = self.dispatch_request()
  File "/Users/rachmankamil/Project/rest-batch3/rest_training/lib/python3.7/site-packages/flask/app.py", line 1935, in dispatch_request
    return self.view_functions[rule.endpoint](**req.view_args)
  File "/Users/rachmankamil/Project/rest-batch3/rest_training/lib/python3.7/site-packages/flask_restful/__init__.py", line 458, in wrapper
    resp = resource(*args, **kwargs)
  File "/Users/rachmankamil/Project/rest-batch3/rest_training/lib/python3.7/site-packages/flask/views.py", line 89, in view
    return self.dispatch_request(*args, **kwargs)
  File "/Users/rachmankamil/Project/rest-batch3/rest_training/lib/python3.7/site-packages/flask_restful/__init__.py", line 573, in dispatch_request
    resp = meth(*args, **kwargs)
  File "/Users/rachmankamil/Project/rest-batch3/day-2.1-error-handler-log/blueprints/person/resources.py", line 29, in get
    app.logg
NameError: name 'app' is not defined
[2019-12-17 10:38:51,227] {app.py:30} WARNING - REQUEST_LOG	{"status_code": 500, "method": "GET", "code": "500 INTERNAL SERVER ERROR", "uri": "/person/100?", "request": null, "response": {"message": "Internal Server Error"}}
[2019-12-17 10:39:48,465] {app.py:30} WARNING - REQUEST_LOG	{"status_code": 400, "method": "POST", "code": "400 BAD REQUEST", "uri": "/person?", "request": null, "response": {"message": {"name": "Missing required parameter in the JSON body"}}}
[2019-12-17 10:40:29,539] {app.py:30} WARNING - REQUEST_LOG	{"status_code": 400, "method": "POST", "code": "400 BAD REQUEST", "uri": "/person?", "request": {"nama": "Kamil", "age": 25, "sex": "male"}, "response": {"message": {"name": "Missing required parameter in the JSON body"}}}
[2019-12-17 10:51:42,010] {app.py:41} ERROR - REQUEST_LOG	{"status_code": 400, "method": "POST", "code": "400 BAD REQUEST", "uri": "/person?", "request": {"nama": "Kamil", "age": 25, "sex": "male"}, "response": {"message": {"name": "Missing required parameter in the JSON body"}}}
[2019-12-17 10:54:24,322] {app.py:41} ERROR - REQUEST_LOG	{"status_code": 400, "method": "POST", "code": "400 BAD REQUEST", "uri": "/person?", "request": null, "response": {"message": {"name": "Missing required parameter in the JSON body"}}}
[2019-12-17 11:05:15,835] {app.py:30} INFO - REQUEST_LOG	{"status_code": 200, "method": "POST", "code": "200 OK", "uri": "/person?", "request": {"name": "Kamil", "age": 25, "sex": "male"}, "response": {"id": 16, "name": "Kamil", "age": 25, "sex": "male"}}
